2026-04-25 14:56:36, MOVE, v:1, k:ed@vetbuild, mode:DOWN
2026-04-25 14:56:36, MOVE, v:1, k:ed@vetbuild, mode:EDIT
2026-04-25 14:56:36, MOVE, v:1, k:ed@vetbuild, mode:EDIT
2026-04-25 14:56:36, MOVE, v:1, k:ed@vetbuild, mode:EDIT
2026-04-25 15:01:08, MOVE, v:1, k:ed@mdc, mode:PICK
2026-04-25 15:01:10, EXEC, v:1, k:ed@mdc, mode:FULL, size:23, fail:COMP
2026-04-25 15:03:33, MOVE, v:1, k:ed@mdc, mode:EDIT
2026-04-25 15:10:54, EXEC, v:1, k:ed@mdc, mode:FULL, size:20, fail:COMP
2026-04-25 15:11:25, EXEC, v:1, k:ed@mdc, mode:FULL, rate:0, size:18
2026-04-25 15:12:21, EXEC, v:1, k:ed@mdc, mode:FULL, rate:0, size:19
2026-04-25 15:12:18, MOVE, v:1, k:ed@mdc, mode:EDIT
2026-04-25 15:12:19, MOVE, v:1, k:ed@mdc, mode:EDIT
2026-04-25 15:16:00, EXEC, v:1, k:ed@mdc, mode:FULL, rate:20, size:19
2026-04-25 15:16:27, EXEC, v:1, k:ed@mdc, mode:FULL, rate:0, size:19
2026-04-25 15:16:37, EXEC, v:1, k:ed@mdc, mode:FULL, rate:20, size:19
2026-04-25 15:17:01, EXEC, v:1, k:ed@mdc, mode:FULL, rate:0, size:19
2026-04-25 15:17:09, EXEC, v:1, k:ed@mdc, mode:FULL, rate:100, size:19
2026-04-25 15:17:22, MOVE, v:1, k:ed@mdc, mode:BACK
2026-04-25 15:17:47, SELF, v:1, k:ed@mdc, self:1, rate:100, study:30
2026-04-25 15:17:07, MOVE, v:1, k:ed@mdc, mode:EDIT
2026-04-25 15:17:09, MOVE, v:1, k:ed@mdc, mode:EDIT
