2026-03-15 17:46:40, MOVE, v:1, k:ed@pintando, mode:DOWN
2026-03-15 17:47:10, MOVE, v:1, k:ed@pintando, mode:PICK
2026-03-15 17:47:26, EXEC, v:1, k:ed@pintando, mode:FREE, size:5
2026-03-15 18:05:50, MOVE, v:1, k:ed@pintando, mode:BACK
2026-03-15 18:11:49, MOVE, v:1, k:ed@pintando, mode:PICK
2026-03-15 18:26:35, EXEC, v:1, k:ed@pintando, mode:FULL, rate:0, size:21
2026-03-15 18:27:38, EXEC, v:1, k:ed@pintando, mode:FULL, rate:0, size:21
2026-03-15 18:28:01, EXEC, v:1, k:ed@pintando, mode:FULL, rate:0, size:21
2026-03-15 18:28:26, EXEC, v:1, k:ed@pintando, mode:FULL, rate:0, size:21
2026-03-15 18:28:58, EXEC, v:1, k:ed@pintando, mode:FULL, rate:0, size:21
2026-03-15 18:29:00, EXEC, v:1, k:ed@pintando, mode:FULL, rate:0
2026-03-15 18:29:26, EXEC, v:1, k:ed@pintando, mode:FULL, rate:0, size:21
2026-03-15 18:29:44, EXEC, v:1, k:ed@pintando, mode:FULL, rate:100, size:21
2026-03-15 18:30:08, MOVE, v:1, k:ed@pintando, mode:BACK
2026-03-15 18:31:53, MOVE, v:1, k:ed@pintando, mode:PICK
2026-03-15 18:31:54, EXEC, v:1, k:ed@pintando, mode:FULL, rate:100
2026-03-15 18:31:54, EXEC, v:1, k:ed@pintando, mode:FULL, rate:100
2026-03-15 18:31:54, EXEC, v:1, k:ed@pintando, mode:FULL, rate:100
2026-03-15 18:32:00, MOVE, v:1, k:ed@pintando, mode:BACK
2026-03-15 18:32:08, MOVE, v:1, k:ed@mumia, mode:DOWN
2026-03-15 18:32:52, MOVE, v:1, k:ed@pintando, mode:PICK
2026-03-15 18:33:15, MOVE, v:1, k:ed@pintando, mode:BACK
2026-03-15 18:36:28, SELF, v:1, k:ed@pintando, self:1, rate:100, study:30, friend:Nao, concept:1
2026-03-15 18:37:00, MOVE, v:1, k:ed@mumia, mode:PICK
2026-03-15 18:42:43, EXEC, v:1, k:ed@mumia, mode:FULL, rate:0, size:18
2026-03-15 18:43:13, EXEC, v:1, k:ed@mumia, mode:FULL, rate:0, size:16
2026-03-15 18:43:21, EXEC, v:1, k:ed@mumia, mode:FULL, rate:22, size:16
2026-03-15 18:47:47, EXEC, v:1, k:ed@mumia, mode:FULL, rate:33, size:18
2026-03-15 18:50:05, EXEC, v:1, k:ed@mumia, mode:FULL, rate:66, size:20
2026-03-15 18:51:06, EXEC, v:1, k:ed@mumia, mode:FULL, rate:88, size:22
2026-03-15 18:52:13, EXEC, v:1, k:ed@mumia, mode:FULL, rate:100, size:24
2026-03-15 18:53:03, MOVE, v:1, k:ed@mumia, mode:BACK
2026-03-15 18:59:17, MOVE, v:1, k:ed@mumia, mode:PICK
2026-03-15 18:59:20, EXEC, v:1, k:ed@mumia, mode:FULL, rate:100
2026-03-15 18:59:22, MOVE, v:1, k:ed@mumia, mode:BACK
2026-03-15 19:00:43, SELF, v:1, k:ed@mumia, self:1, rate:100, study:20, friend:Nao, concept:1
2026-03-15 19:00:50, MOVE, v:1, k:ed@fuga, mode:DOWN
2026-03-15 19:01:00, MOVE, v:1, k:ed@fuga, mode:PICK
2026-03-15 19:01:40, MOVE, v:1, k:ed@fuga, mode:BACK
