2026-03-20 19:13:43, MOVE, v:1, k:ed@casais, mode:PICK
2026-03-20 19:13:52, EXEC, v:1, k:ed@casais, mode:FULL, rate:50
2026-03-20 19:37:06, EXEC, v:1, k:ed@casais, mode:FULL, rate:50, size:35
2026-03-20 19:38:21, EXEC, v:1, k:ed@casais, mode:FULL, rate:0, size:35
2026-03-20 19:38:50, EXEC, v:1, k:ed@casais, mode:FULL, rate:0
2026-03-20 19:38:51, EXEC, v:1, k:ed@casais, mode:FULL, rate:0
2026-03-20 19:38:51, EXEC, v:1, k:ed@casais, mode:FULL, rate:0
2026-03-20 19:38:51, EXEC, v:1, k:ed@casais, mode:FULL, rate:0
2026-03-20 19:38:52, EXEC, v:1, k:ed@casais, mode:FULL, rate:0
2026-03-20 19:38:52, EXEC, v:1, k:ed@casais, mode:FULL, rate:0
2026-03-20 19:38:57, MOVE, v:1, k:ed@casais, mode:BACK
2026-03-20 19:39:08, MOVE, v:1, k:ed@casais, mode:PICK
2026-03-20 19:39:11, EXEC, v:1, k:ed@casais, mode:FULL, rate:0
2026-03-20 19:42:14, EXEC, v:1, k:ed@casais, mode:FULL, rate:25, size:35
2026-03-20 19:45:19, EXEC, v:1, k:ed@casais, mode:FULL, rate:50, size:36
2026-03-20 19:47:40, EXEC, v:1, k:ed@casais, mode:FULL, rate:100, size:36
2026-03-20 19:47:56, MOVE, v:1, k:ed@casais, mode:BACK
2026-03-20 19:51:21, SELF, v:1, k:ed@casais, self:1, rate:100, study:80, concept:1
2026-03-20 19:57:53, MOVE, v:1, k:ed@gomos, mode:DOWN
2026-03-20 19:57:55, MOVE, v:1, k:ed@gomos, mode:PICK
2026-03-20 20:12:43, EXEC, v:1, k:ed@gomos, mode:FULL, size:12, fail:COMP
2026-03-20 20:13:10, EXEC, v:1, k:ed@gomos, mode:FULL, size:12, fail:COMP
2026-03-20 20:18:10, EXEC, v:1, k:ed@gomos, mode:FULL, rate:0, size:17
2026-03-20 20:18:52, MOVE, v:1, k:ed@gomos, mode:BACK
2026-03-20 20:19:38, MOVE, v:1, k:ed@gomos, mode:PICK
2026-03-20 20:22:44, EXEC, v:1, k:ed@gomos, mode:FULL, rate:0, size:25
2026-03-20 20:24:01, EXEC, v:1, k:ed@gomos, mode:FULL, rate:0, size:22
2026-03-20 20:26:49, MOVE, v:1, k:ed@gomos, mode:BACK
2026-03-20 20:27:31, MOVE, v:1, k:ed@gomos, mode:PICK
2026-03-20 20:27:33, EXEC, v:1, k:ed@gomos, mode:FULL, rate:0
2026-03-20 20:28:12, EXEC, v:1, k:ed@gomos, mode:FULL, rate:0, size:21
2026-03-20 20:29:52, MOVE, v:1, k:ed@gomos, mode:BACK
