2026-06-01 00:50:09, MOVE, v:1, k:ed@setbuild, mode:DOWN
2026-06-01 00:50:10, MOVE, v:1, k:ed@setbuild, mode:PICK
2026-06-01 00:50:29, EXEC, v:1, k:ed@setbuild, mode:FULL, rate:0, size:45
2026-06-01 00:50:09, MOVE, v:1, k:ed@setbuild, mode:EDIT
2026-06-01 00:50:09, MOVE, v:1, k:ed@setbuild, mode:EDIT
2026-06-01 00:50:09, MOVE, v:1, k:ed@setbuild, mode:EDIT
2026-06-01 00:50:09, MOVE, v:1, k:ed@setbuild, mode:EDIT
2026-06-01 00:50:29, MOVE, v:1, k:ed@setbuild, mode:EDIT
2026-06-01 00:56:02, MOVE, v:1, k:ed@setbuild, mode:EDIT
2026-06-01 00:59:52, MOVE, v:1, k:ed@setbuild, mode:EDIT
2026-06-01 01:07:12, MOVE, v:1, k:ed@setbuild, mode:EDIT
2026-06-01 01:11:59, EXEC, v:1, k:ed@setbuild, mode:FULL, size:62, fail:COMP
2026-06-01 01:12:12, MOVE, v:1, k:ed@setbuild, mode:EDIT
2026-06-01 01:15:02, EXEC, v:1, k:ed@setbuild, mode:FULL, size:66, fail:COMP
2026-06-01 01:16:55, MOVE, v:1, k:ed@setbuild, mode:EDIT
2026-06-01 01:19:22, EXEC, v:1, k:ed@setbuild, mode:FULL, rate:0, size:69
2026-06-01 01:20:20, MOVE, v:1, k:ed@setbuild, mode:BACK
2026-06-01 01:21:28, SELF, v:1, k:ed@editorint, self:1, rate:100, study:300, concept:1
2026-06-01 01:21:46, SELF, v:1, k:ed@editorint, self:1, rate:100, study:300, concept:1
2026-06-01 01:21:46, MOVE, v:1, k:ed@editorint, mode:PICK
2026-06-01 01:21:54, EXEC, v:1, k:ed@editorint, mode:LOCK, rate:0, size:341
2026-06-01 01:21:57, EXEC, v:1, k:ed@editorint, mode:LOCK, rate:0
2026-06-01 01:23:06, MOVE, v:1, k:ed@editorint, mode:BACK
