2026-04-13 12:42:14, MOVE, v:1, k:ed@fractais_png, mode:PICK
2026-04-13 12:42:18, EXEC, v:1, k:ed@fractais_png, mode:LOCK, rate:0
2026-04-13 12:42:18, MOVE, v:1, k:ed@fractais_png, mode:EDIT
2026-04-13 12:42:18, MOVE, v:1, k:ed@fractais_png, mode:EDIT
2026-04-13 13:07:45, EXEC, v:1, k:ed@fractais_png, mode:LOCK, rate:0, size:127
2026-04-13 13:08:41, MOVE, v:1, k:ed@fractais_png, mode:EDIT
2026-04-13 13:07:14, MOVE, v:1, k:ed@fractais_png, mode:EDIT
2026-04-13 13:07:45, MOVE, v:1, k:ed@fractais_png, mode:EDIT
2026-04-13 13:07:45, MOVE, v:1, k:ed@fractais_png, mode:EDIT
2026-04-13 13:09:45, EXEC, v:1, k:ed@fractais_png, mode:FULL, size:133, fail:COMP
2026-04-13 13:11:07, EXEC, v:1, k:ed@fractais_png, mode:FULL, size:134, fail:COMP
2026-04-13 13:12:00, EXEC, v:1, k:ed@fractais_png, mode:LOCK, rate:0, size:137
2026-04-13 13:11:58, MOVE, v:1, k:ed@fractais_png, mode:EDIT
2026-04-13 13:12:00, MOVE, v:1, k:ed@fractais_png, mode:EDIT
2026-04-13 13:12:00, MOVE, v:1, k:ed@fractais_png, mode:EDIT
2026-04-13 13:15:29, EXEC, v:1, k:ed@fractais_png, mode:LOCK, rate:0, size:137
2026-04-13 13:14:44, MOVE, v:1, k:ed@fractais_png, mode:EDIT
2026-04-13 13:15:16, MOVE, v:1, k:ed@fractais_png, mode:EDIT
2026-04-13 13:15:29, MOVE, v:1, k:ed@fractais_png, mode:EDIT
2026-04-13 13:15:29, MOVE, v:1, k:ed@fractais_png, mode:EDIT
2026-04-13 13:24:31, EXEC, v:1, k:ed@fractais_png, mode:LOCK, rate:0, size:137
2026-04-13 13:24:39, EXEC, v:1, k:ed@fractais_png, mode:LOCK, rate:0, size:137
2026-04-13 13:24:49, EXEC, v:1, k:ed@fractais_png, mode:LOCK, rate:0, size:137
2026-04-13 13:25:25, EXEC, v:1, k:ed@fractais_png, mode:LOCK, rate:0, size:137
2026-04-13 13:26:09, EXEC, v:1, k:ed@fractais_png, mode:LOCK, rate:0, size:137
2026-04-13 13:26:44, EXEC, v:1, k:ed@fractais_png, mode:LOCK, rate:0, size:137
2026-04-13 13:27:53, EXEC, v:1, k:ed@fractais_png, mode:LOCK, rate:0, size:140
2026-04-13 13:28:52, EXEC, v:1, k:ed@fractais_png, mode:LOCK, rate:0, size:143
2026-04-13 13:28:50, MOVE, v:1, k:ed@fractais_png, mode:EDIT
2026-04-13 13:28:52, MOVE, v:1, k:ed@fractais_png, mode:EDIT
2026-04-13 13:28:52, MOVE, v:1, k:ed@fractais_png, mode:EDIT
2026-04-13 13:26:42, MOVE, v:1, k:ed@fractais_png, mode:EDIT
2026-04-13 13:29:39, EXEC, v:1, k:ed@fractais_png, mode:LOCK, rate:0, size:143
2026-04-13 13:30:05, EXEC, v:1, k:ed@fractais_png, mode:LOCK, rate:0, size:143
2026-04-13 13:30:29, EXEC, v:1, k:ed@fractais_png, mode:LOCK, rate:0, size:143
2026-04-13 13:31:32, EXEC, v:1, k:ed@fractais_png, mode:LOCK, rate:0, size:143
2026-04-13 13:31:46, EXEC, v:1, k:ed@fractais_png, mode:LOCK, rate:0, size:143
2026-04-13 13:32:25, EXEC, v:1, k:ed@fractais_png, mode:LOCK, rate:0, size:143
2026-04-13 13:32:41, EXEC, v:1, k:ed@fractais_png, mode:LOCK, rate:0, size:143
2026-04-13 13:33:00, EXEC, v:1, k:ed@fractais_png, mode:LOCK, rate:0, size:143
2026-04-13 13:33:23, EXEC, v:1, k:ed@fractais_png, mode:LOCK, rate:0, size:143
2026-04-13 13:33:37, EXEC, v:1, k:ed@fractais_png, mode:LOCK, rate:0, size:143
2026-04-13 13:33:51, MOVE, v:1, k:ed@fractais_png, mode:EDIT
2026-04-13 13:33:37, MOVE, v:1, k:ed@fractais_png, mode:EDIT
2026-04-13 13:33:37, MOVE, v:1, k:ed@fractais_png, mode:EDIT
2026-04-13 13:32:59, MOVE, v:1, k:ed@fractais_png, mode:EDIT
2026-04-13 13:39:49, EXEC, v:1, k:ed@fractais_png, mode:LOCK, rate:0, size:143
2026-04-13 13:40:23, EXEC, v:1, k:ed@fractais_png, mode:LOCK, rate:0, size:143
2026-04-13 13:40:51, EXEC, v:1, k:ed@fractais_png, mode:LOCK, rate:0, size:143
2026-04-13 13:41:26, EXEC, v:1, k:ed@fractais_png, mode:LOCK, rate:0, size:143
2026-04-13 13:41:53, EXEC, v:1, k:ed@fractais_png, mode:LOCK, rate:0, size:143
2026-04-13 13:43:11, EXEC, v:1, k:ed@fractais_png, mode:LOCK, rate:0, size:143
2026-04-13 13:43:37, EXEC, v:1, k:ed@fractais_png, mode:LOCK, rate:0, size:143
2026-04-13 13:43:35, MOVE, v:1, k:ed@fractais_png, mode:EDIT
2026-04-13 13:43:37, MOVE, v:1, k:ed@fractais_png, mode:EDIT
2026-04-13 13:43:37, MOVE, v:1, k:ed@fractais_png, mode:EDIT
2026-04-13 13:41:52, MOVE, v:1, k:ed@fractais_png, mode:EDIT
2026-04-13 13:44:12, EXEC, v:1, k:ed@fractais_png, mode:LOCK, rate:0, size:143
2026-04-13 13:44:30, EXEC, v:1, k:ed@fractais_png, mode:LOCK, rate:0, size:143
2026-04-13 13:44:44, EXEC, v:1, k:ed@fractais_png, mode:LOCK, rate:0, size:143
2026-04-13 13:44:58, EXEC, v:1, k:ed@fractais_png, mode:LOCK, rate:0, size:143
2026-04-13 13:45:10, EXEC, v:1, k:ed@fractais_png, mode:LOCK, rate:0, size:143
2026-04-13 13:45:26, EXEC, v:1, k:ed@fractais_png, mode:LOCK, rate:0, size:143
2026-04-13 13:44:43, MOVE, v:1, k:ed@fractais_png, mode:EDIT
2026-04-13 13:45:26, MOVE, v:1, k:ed@fractais_png, mode:EDIT
2026-04-13 13:45:26, MOVE, v:1, k:ed@fractais_png, mode:EDIT
2026-04-13 13:45:25, MOVE, v:1, k:ed@fractais_png, mode:EDIT
2026-04-13 13:47:20, MOVE, v:1, k:ed@fractais_png, mode:EDIT
2026-04-13 13:47:43, MOVE, v:1, k:ed@fractais_png, mode:EDIT
2026-04-13 13:50:40, MOVE, v:1, k:ed@fractais_png, mode:BACK
2026-04-13 13:54:52, MOVE, v:1, k:ed@especiais, mode:DOWN
2026-04-13 13:56:18, MOVE, v:1, k:ed@fractais_png, mode:PICK
2026-04-13 13:54:52, MOVE, v:1, k:ed@especiais, mode:EDIT
2026-04-13 13:54:52, MOVE, v:1, k:ed@especiais, mode:EDIT
2026-04-13 14:01:34, MOVE, v:1, k:ed@fractais_png, mode:EDIT
2026-04-13 14:02:56, MOVE, v:1, k:ed@fractais_png, mode:EDIT
2026-04-13 14:03:37, EXEC, v:1, k:ed@fractais_png, mode:FULL, size:136, fail:COMP
2026-04-13 14:06:51, EXEC, v:1, k:ed@fractais_png, mode:FULL, size:138, fail:COMP
2026-04-13 14:07:56, EXEC, v:1, k:ed@fractais_png, mode:LOCK, rate:0, size:141
2026-04-13 14:07:52, MOVE, v:1, k:ed@fractais_png, mode:EDIT
2026-04-13 14:07:56, MOVE, v:1, k:ed@fractais_png, mode:EDIT
2026-04-13 14:07:56, MOVE, v:1, k:ed@fractais_png, mode:EDIT
2026-04-13 14:32:02, EXEC, v:1, k:ed@fractais_png, mode:LOCK, rate:0, size:143
2026-04-13 14:32:55, MOVE, v:1, k:ed@fractais_png, mode:EDIT
2026-04-13 14:32:02, MOVE, v:1, k:ed@fractais_png, mode:EDIT
2026-04-13 14:32:02, MOVE, v:1, k:ed@fractais_png, mode:EDIT
2026-04-13 14:33:50, EXEC, v:1, k:ed@fractais_png, mode:FULL, size:146, fail:COMP
2026-04-13 14:34:04, EXEC, v:1, k:ed@fractais_png, mode:LOCK, rate:0, size:146
2026-04-13 14:35:02, MOVE, v:1, k:ed@fractais_png, mode:BACK
