2026-06-22 13:55:06, MOVE, v:1, k:ed@lista_d2, mode:PICK
2026-06-22 13:55:08, EXEC, v:1, k:ed@lista_d2, mode:FULL, size:112, fail:COMP
2026-06-22 14:00:25, EXEC, v:1, k:ed@lista_d2, mode:FULL, size:120, fail:COMP
2026-06-22 14:01:51, EXEC, v:1, k:ed@lista_d2, mode:FULL, fail:COMP
2026-06-22 14:02:09, EXEC, v:1, k:ed@lista_d2, mode:FREE
2026-06-22 14:00:23, MOVE, v:1, k:ed@lista_d2, mode:EDIT
2026-06-22 14:08:59, EXEC, v:1, k:ed@lista_d2, mode:FULL, rate:0, size:125
2026-06-22 14:09:04, EXEC, v:1, k:ed@lista_d2, mode:FULL, rate:0
2026-06-22 14:09:02, MOVE, v:1, k:ed@lista_d2, mode:EDIT
2026-06-22 14:09:48, MOVE, v:1, k:ed@lista_d2, mode:BACK
2026-06-22 14:09:57, MOVE, v:1, k:ed@lista_d1, mode:PICK
2026-06-22 14:09:58, MOVE, v:1, k:ed@lista_d1, mode:BACK
2026-06-22 14:12:45, MOVE, v:1, k:ed@lista_d2, mode:PICK
2026-06-22 14:12:46, EXEC, v:1, k:ed@lista_d2, mode:FULL, rate:0, size:126
2026-06-22 14:16:19, EXEC, v:1, k:ed@lista_d2, mode:FULL, rate:0, size:130
2026-06-22 14:17:06, EXEC, v:1, k:ed@lista_d2, mode:FULL, rate:0, size:134
2026-06-22 14:17:03, MOVE, v:1, k:ed@lista_d2, mode:EDIT
2026-06-22 14:17:57, EXEC, v:1, k:ed@lista_d2, mode:FULL, rate:0, size:134
2026-06-22 14:18:57, MOVE, v:1, k:ed@lista_d2, mode:BACK
2026-06-22 14:25:41, MOVE, v:1, k:ed@lista_d2, mode:PICK
2026-06-22 14:25:45, EXEC, v:1, k:ed@lista_d2, mode:FULL, rate:0
2026-06-22 14:26:14, EXEC, v:1, k:ed@lista_d2, mode:FULL, rate:0
2026-06-22 14:26:16, MOVE, v:1, k:ed@lista_d2, mode:EDIT
2026-06-22 14:32:24, EXEC, v:1, k:ed@lista_d2, mode:FULL, rate:0, size:138
2026-06-22 14:34:28, EXEC, v:1, k:ed@lista_d2, mode:FULL, rate:0, size:144
2026-06-22 14:34:54, EXEC, v:1, k:ed@lista_d2, mode:FULL, rate:0
2026-06-22 14:34:56, MOVE, v:1, k:ed@lista_d2, mode:BACK
2026-06-22 14:36:13, MOVE, v:1, k:ed@lista_d2, mode:PICK
2026-06-22 14:36:14, EXEC, v:1, k:ed@lista_d2, mode:FULL, rate:0
2026-06-22 14:38:59, EXEC, v:1, k:ed@lista_d2, mode:FULL, rate:0, size:150
2026-06-22 14:39:21, EXEC, v:1, k:ed@lista_d2, mode:FULL, rate:0, size:152
2026-06-22 14:39:28, EXEC, v:1, k:ed@lista_d2, mode:FULL, rate:0
2026-06-22 14:39:50, EXEC, v:1, k:ed@lista_d2, mode:FULL, rate:0, size:153
2026-06-22 14:39:48, MOVE, v:1, k:ed@lista_d2, mode:EDIT
2026-06-22 14:40:39, EXEC, v:1, k:ed@lista_d2, mode:FULL, rate:0, size:155
2026-06-22 14:40:50, EXEC, v:1, k:ed@lista_d2, mode:FULL, rate:0, size:157
2026-06-22 14:41:45, EXEC, v:1, k:ed@lista_d2, mode:FULL, rate:0, size:157
2026-06-22 14:42:40, EXEC, v:1, k:ed@lista_d2, mode:FULL, rate:0, size:159
2026-06-22 14:43:31, EXEC, v:1, k:ed@lista_d2, mode:FULL, rate:0, size:161
2026-06-22 14:43:30, MOVE, v:1, k:ed@lista_d2, mode:EDIT
2026-06-22 14:45:19, EXEC, v:1, k:ed@lista_d2, mode:FULL, rate:0, size:165
2026-06-22 14:45:37, EXEC, v:1, k:ed@lista_d2, mode:FULL, rate:0, size:165
2026-06-22 14:45:49, EXEC, v:1, k:ed@lista_d2, mode:FULL, rate:0, size:165
2026-06-22 14:49:03, EXEC, v:1, k:ed@lista_d2, mode:FULL, rate:0, size:178
2026-06-22 14:49:17, EXEC, v:1, k:ed@lista_d2, mode:FULL, rate:20, size:178
2026-06-22 14:49:16, MOVE, v:1, k:ed@lista_d2, mode:EDIT
2026-06-22 14:56:03, EXEC, v:1, k:ed@lista_d2, mode:FULL, rate:20, size:186
2026-06-22 14:55:56, MOVE, v:1, k:ed@lista_d2, mode:EDIT
2026-06-22 15:01:36, EXEC, v:1, k:ed@lista_d2, mode:FULL, rate:20, size:189
2026-06-22 15:02:01, EXEC, v:1, k:ed@lista_d2, mode:FULL, rate:20, size:193
2026-06-22 15:02:38, EXEC, v:1, k:ed@lista_d2, mode:FULL, rate:20, size:192
2026-06-22 15:02:56, EXEC, v:1, k:ed@lista_d2, mode:FULL, rate:20
2026-06-22 15:03:02, EXEC, v:1, k:ed@lista_d2, mode:FULL, rate:20, size:192
2026-06-22 15:03:55, MOVE, v:1, k:ed@lista_d2, mode:BACK
2026-06-22 15:02:59, MOVE, v:1, k:ed@lista_d2, mode:EDIT
2026-06-22 20:08:31, MOVE, v:1, k:ed@lista_d2, mode:PICK
2026-06-22 20:08:34, EXEC, v:1, k:ed@lista_d2, mode:FULL, rate:20
2026-06-22 20:11:10, MOVE, v:1, k:ed@lista_d2, mode:BACK
2026-06-22 20:11:35, MOVE, v:1, k:ed@lista_d2, mode:PICK
2026-06-22 20:11:38, EXEC, v:1, k:ed@lista_d2, mode:FULL, rate:20
2026-06-22 20:14:38, EXEC, v:1, k:ed@lista_d2, mode:FULL, rate:20, size:195
2026-06-22 20:15:17, EXEC, v:1, k:ed@lista_d2, mode:FULL, rate:20, size:198
2026-06-22 20:15:48, EXEC, v:1, k:ed@lista_d2, mode:FULL, rate:20
2026-06-22 20:15:11, MOVE, v:1, k:ed@lista_d2, mode:EDIT
2026-06-22 20:17:29, EXEC, v:1, k:ed@lista_d2, mode:FULL, rate:20, size:199
2026-06-22 20:17:44, EXEC, v:1, k:ed@lista_d2, mode:FULL, rate:20, size:200
2026-06-22 20:21:34, EXEC, v:1, k:ed@lista_d2, mode:FULL, rate:40, size:198
2026-06-22 20:21:31, MOVE, v:1, k:ed@lista_d2, mode:EDIT
2026-06-22 20:22:12, EXEC, v:1, k:ed@lista_d2, mode:FULL, rate:40
2026-06-22 20:31:01, EXEC, v:1, k:ed@lista_d2, mode:FULL, rate:60, size:207
2026-06-22 20:30:55, MOVE, v:1, k:ed@lista_d2, mode:EDIT
2026-06-22 20:33:11, EXEC, v:1, k:ed@lista_d2, mode:FULL, rate:60, size:211
2026-06-22 20:35:58, EXEC, v:1, k:ed@lista_d2, mode:FULL, rate:60, size:213
2026-06-22 20:35:56, MOVE, v:1, k:ed@lista_d2, mode:EDIT
2026-06-22 20:37:33, EXEC, v:1, k:ed@lista_d2, mode:FULL, rate:60, size:220
2026-06-22 20:38:13, MOVE, v:1, k:ed@lista_d2, mode:BACK
2026-06-22 20:39:28, MOVE, v:1, k:ed@lista_d2, mode:PICK
2026-06-22 20:39:29, EXEC, v:1, k:ed@lista_d2, mode:FULL, rate:60
2026-06-22 20:40:35, EXEC, v:1, k:ed@lista_d2, mode:FULL, rate:60, size:223
2026-06-22 20:40:51, EXEC, v:1, k:ed@lista_d2, mode:FULL, rate:60
2026-06-22 20:40:54, EXEC, v:1, k:ed@lista_d2, mode:FULL, rate:80, size:223
2026-06-22 20:40:52, MOVE, v:1, k:ed@lista_d2, mode:EDIT
2026-06-22 20:45:22, EXEC, v:1, k:ed@lista_d2, mode:FULL, rate:100, size:241
2026-06-22 20:45:31, MOVE, v:1, k:ed@lista_d2, mode:BACK
2026-06-22 20:46:21, SELF, v:1, k:ed@lista_d2, self:1, rate:100, study:130, concept:1
2026-06-22 20:46:51, SELF, v:1, k:ed@editorint, self:1, rate:100, study:300, concept:1
