2026-06-28 15:33:10, MOVE, v:1, k:ed@editor, mode:PICK
2026-06-28 15:33:11, EXEC, v:1, k:ed@editor, mode:FULL, rate:50
2026-06-28 15:35:04, EXEC, v:1, k:ed@editor, mode:FULL, rate:50, size:35
2026-06-28 15:35:56, EXEC, v:1, k:ed@editor, mode:FULL, rate:66, size:37
2026-06-28 15:35:54, MOVE, v:1, k:ed@editor, mode:EDIT
2026-06-28 15:37:49, EXEC, v:1, k:ed@editor, mode:FULL, rate:66, size:38
2026-06-28 15:38:08, EXEC, v:1, k:ed@editor, mode:FULL, rate:66
2026-06-28 15:39:25, EXEC, v:1, k:ed@editor, mode:FULL, rate:66, size:42
2026-06-28 15:39:53, EXEC, v:1, k:ed@editor, mode:FULL, rate:66, size:43
2026-06-28 15:40:02, EXEC, v:1, k:ed@editor, mode:FULL, rate:66, size:43
2026-06-28 15:41:19, EXEC, v:1, k:ed@editor, mode:FULL, rate:66, size:45
2026-06-28 15:41:18, MOVE, v:1, k:ed@editor, mode:EDIT
2026-06-28 15:42:47, EXEC, v:1, k:ed@editor, mode:FULL, rate:83, size:45
2026-06-28 15:43:44, EXEC, v:1, k:ed@editor, mode:FULL, rate:100, size:47
2026-06-28 15:43:55, MOVE, v:1, k:ed@editor, mode:BACK
2026-06-28 15:44:27, SELF, v:1, k:ed@editor, self:1, rate:100, study:55
2026-06-28 17:33:00, MOVE, v:1, k:ed@subset_sum, mode:PICK
2026-06-28 17:33:02, EXEC, v:1, k:ed@subset_sum, mode:FULL, rate:0
2026-06-28 17:46:16, EXEC, v:1, k:ed@subset_sum, mode:FULL, rate:75, size:35
2026-06-28 17:47:00, EXEC, v:1, k:ed@subset_sum, mode:FULL, rate:25, size:35
2026-06-28 17:58:22, MOVE, v:1, k:ed@subset_sum, mode:PICK
2026-06-28 17:58:23, EXEC, v:1, k:ed@subset_sum, mode:FULL, rate:75, size:35
2026-06-28 17:58:36, EXEC, v:1, k:ed@subset_sum, mode:FULL, rate:0, size:15
2026-06-28 17:59:37, EXEC, v:1, k:ed@subset_sum, mode:FULL, rate:0
2026-06-28 17:59:37, EXEC, v:1, k:ed@subset_sum, mode:FULL, rate:0
2026-06-28 17:58:34, MOVE, v:1, k:ed@subset_sum, mode:EDIT
2026-06-28 18:04:55, EXEC, v:1, k:ed@subset_sum, mode:FULL, rate:0, size:25
2026-06-28 18:04:53, MOVE, v:1, k:ed@subset_sum, mode:EDIT
2026-06-28 18:15:50, EXEC, v:1, k:ed@subset_sum, mode:FULL, rate:25, size:37
2026-06-28 18:17:25, EXEC, v:1, k:ed@subset_sum, mode:FULL, rate:75, size:37
2026-06-28 18:17:36, EXEC, v:1, k:ed@subset_sum, mode:FULL, rate:25, size:37
2026-06-28 18:17:33, MOVE, v:1, k:ed@subset_sum, mode:EDIT
2026-06-28 18:17:54, MOVE, v:1, k:ed@subset_sum, mode:BACK
