2026-06-04 16:20:32, SELF, v:1, k:ed@editorint, self:1, rate:100, study:300, concept:1
2026-06-04 16:24:22, MOVE, v:1, k:ed@bettersearch, mode:DOWN
2026-06-04 16:24:23, MOVE, v:1, k:ed@bettersearch, mode:PICK
2026-06-04 16:24:26, EXEC, v:1, k:ed@bettersearch, mode:FULL, rate:18, size:33
2026-06-04 16:24:22, MOVE, v:1, k:ed@bettersearch, mode:EDIT
2026-06-04 16:24:22, MOVE, v:1, k:ed@bettersearch, mode:EDIT
2026-06-04 16:24:22, MOVE, v:1, k:ed@bettersearch, mode:EDIT
2026-06-04 16:39:26, EXEC, v:1, k:ed@bettersearch, mode:FULL, rate:18
2026-06-04 16:39:27, MOVE, v:1, k:ed@bettersearch, mode:BACK
2026-06-04 16:39:47, MOVE, v:1, k:ed@bettersearch, mode:PICK
2026-06-04 16:39:48, EXEC, v:1, k:ed@bettersearch, mode:FULL, rate:18
2026-06-04 16:43:55, EXEC, v:1, k:ed@bettersearch, mode:FULL, rate:18
2026-06-04 16:43:56, EXEC, v:1, k:ed@bettersearch, mode:FULL, rate:18
2026-06-04 16:44:00, EXEC, v:1, k:ed@bettersearch, mode:FULL, size:32, fail:COMP
2026-06-04 16:43:59, MOVE, v:1, k:ed@bettersearch, mode:EDIT
2026-06-04 16:47:36, EXEC, v:1, k:ed@bettersearch, mode:FULL, rate:9, size:42
2026-06-04 16:49:33, MOVE, v:1, k:ed@bettersearch, mode:BACK
2026-06-04 16:50:29, MOVE, v:1, k:ed@bettersearch, mode:PICK
2026-06-04 16:50:34, EXEC, v:1, k:ed@bettersearch, mode:FULL, rate:9
2026-06-04 16:50:46, EXEC, v:1, k:ed@bettersearch, mode:FULL, rate:9
2026-06-04 16:52:03, EXEC, v:1, k:ed@bettersearch, mode:FULL, rate:9, size:44
2026-06-04 16:52:40, EXEC, v:1, k:ed@bettersearch, mode:FULL, rate:9, size:44
2026-06-04 16:52:53, EXEC, v:1, k:ed@bettersearch, mode:FULL, rate:9, size:44
2026-06-04 16:53:19, EXEC, v:1, k:ed@bettersearch, mode:FULL, rate:100, size:46
2026-06-04 16:53:59, MOVE, v:1, k:ed@bettersearch, mode:BACK
2026-06-04 16:55:47, SELF, v:1, k:ed@bettersearch, self:1, rate:100, study:40
2026-06-04 17:07:32, MOVE, v:1, k:ed@labirinto, mode:PICK
2026-06-04 17:07:33, EXEC, v:1, k:ed@labirinto, mode:FULL, rate:0, size:66
2026-06-04 17:10:17, MOVE, v:1, k:ed@labirinto, mode:BACK
