2026-06-03 10:26:33, MOVE, v:1, k:ed@setbuild, mode:PICK
2026-06-03 10:37:52, EXEC, v:1, k:ed@setbuild, mode:FULL, rate:0, size:127
2026-06-03 10:38:25, EXEC, v:1, k:ed@setbuild, mode:FULL, rate:33, size:127
2026-06-03 10:38:23, MOVE, v:1, k:ed@setbuild, mode:EDIT
2026-06-03 10:43:56, EXEC, v:1, k:ed@setbuild, mode:FULL, rate:33
2026-06-03 10:43:57, EXEC, v:1, k:ed@setbuild, mode:FULL, rate:33
2026-06-03 10:44:00, MOVE, v:1, k:ed@setbuild, mode:BACK
2026-06-03 10:44:10, MOVE, v:1, k:ed@setbuild, mode:PICK
2026-06-03 10:44:11, EXEC, v:1, k:ed@setbuild, mode:FULL, rate:33
2026-06-03 10:44:13, MOVE, v:1, k:ed@setbuild, mode:BACK
2026-06-03 10:44:22, MOVE, v:1, k:ed@setbuild, mode:PICK
2026-06-03 10:44:25, EXEC, v:1, k:ed@setbuild, mode:FULL, rate:33
2026-06-03 10:50:20, EXEC, v:1, k:ed@setbuild, mode:FULL, size:137, fail:COMP
2026-06-03 10:52:28, EXEC, v:1, k:ed@setbuild, mode:FULL, rate:66, size:137
2026-06-03 10:52:26, MOVE, v:1, k:ed@setbuild, mode:EDIT
2026-06-03 10:54:47, MOVE, v:1, k:ed@setbuild, mode:BACK
2026-06-03 10:59:56, MOVE, v:1, k:ed@editorint, mode:PICK
2026-06-03 11:00:06, EXEC, v:1, k:ed@editorint, mode:LOCK, rate:0
2026-06-03 11:00:09, EXEC, v:1, k:ed@editorint, mode:LOCK, rate:0
2026-06-03 11:00:16, MOVE, v:1, k:ed@editorint, mode:BACK
2026-06-03 11:05:51, MOVE, v:1, k:ed@setbuild, mode:PICK
2026-06-03 11:05:52, EXEC, v:1, k:ed@setbuild, mode:FULL, rate:66
2026-06-03 11:09:17, MOVE, v:1, k:ed@setbuild, mode:BACK
2026-06-03 11:11:46, MOVE, v:1, k:ed@setbuild, mode:PICK
2026-06-03 11:11:47, EXEC, v:1, k:ed@setbuild, mode:FULL, rate:66
2026-06-03 11:14:25, EXEC, v:1, k:ed@setbuild, mode:FULL, size:151, fail:COMP
2026-06-03 11:14:28, EXEC, v:1, k:ed@setbuild, mode:FULL, fail:COMP
2026-06-03 11:15:27, MOVE, v:1, k:ed@setbuild, mode:BACK
2026-06-03 11:15:28, MOVE, v:1, k:ed@setbuild, mode:PICK
2026-06-03 11:15:36, EXEC, v:1, k:ed@setbuild, mode:FULL, fail:COMP
2026-06-03 11:16:12, EXEC, v:1, k:ed@setbuild, mode:FULL, rate:100, size:154
2026-06-03 11:16:19, MOVE, v:1, k:ed@setbuild, mode:BACK
2026-06-03 11:17:12, SELF, v:1, k:ed@setbuild, self:1, rate:100, study:150, concept:1
2026-06-03 11:18:26, MOVE, v:1, k:ed@princesa, mode:PICK
2026-06-03 11:18:28, MOVE, v:1, k:ed@princesa, mode:BACK
2026-06-03 11:19:52, MOVE, v:1, k:ed@rotacoes, mode:DOWN
2026-06-03 11:19:55, MOVE, v:1, k:ed@rotacoes, mode:PICK
2026-06-03 11:19:57, EXEC, v:1, k:ed@rotacoes, mode:FULL, rate:0, size:5
2026-06-03 11:19:52, MOVE, v:1, k:ed@rotacoes, mode:EDIT
2026-06-03 11:19:52, MOVE, v:1, k:ed@rotacoes, mode:EDIT
2026-06-03 11:19:52, MOVE, v:1, k:ed@rotacoes, mode:EDIT
2026-06-03 11:36:48, EXEC, v:1, k:ed@rotacoes, mode:FULL, rate:0, size:16
2026-06-03 11:37:33, MOVE, v:1, k:ed@rotacoes, mode:BACK
2026-06-03 11:37:57, MOVE, v:1, k:ed@rotacoes, mode:PICK
2026-06-03 11:37:59, EXEC, v:1, k:ed@rotacoes, mode:FULL, rate:0
2026-06-03 11:40:51, EXEC, v:1, k:ed@rotacoes, mode:FULL, rate:0, size:18
2026-06-03 11:40:49, MOVE, v:1, k:ed@rotacoes, mode:EDIT
2026-06-03 11:47:15, EXEC, v:1, k:ed@rotacoes, mode:FULL, rate:0, size:24
2026-06-03 11:47:13, MOVE, v:1, k:ed@rotacoes, mode:EDIT
2026-06-03 11:48:34, EXEC, v:1, k:ed@rotacoes, mode:FULL, rate:0, size:24
2026-06-03 11:48:42, EXEC, v:1, k:ed@rotacoes, mode:FULL, rate:0, size:24
2026-06-03 11:48:49, EXEC, v:1, k:ed@rotacoes, mode:FULL, rate:0, size:24
2026-06-03 11:50:00, EXEC, v:1, k:ed@rotacoes, mode:FULL, rate:0
2026-06-03 11:50:06, EXEC, v:1, k:ed@rotacoes, mode:FULL, rate:0, size:24
2026-06-03 11:50:14, EXEC, v:1, k:ed@rotacoes, mode:FULL, rate:0, size:24
2026-06-03 11:51:19, MOVE, v:1, k:ed@rotacoes, mode:BACK
2026-06-03 11:52:20, MOVE, v:1, k:ed@rotacoes, mode:PICK
2026-06-03 11:52:21, EXEC, v:1, k:ed@rotacoes, mode:FULL, rate:0
2026-06-03 11:52:40, EXEC, v:1, k:ed@rotacoes, mode:FULL, rate:0, size:24
2026-06-03 11:52:54, EXEC, v:1, k:ed@rotacoes, mode:FULL, rate:0, size:24
2026-06-03 11:53:11, EXEC, v:1, k:ed@rotacoes, mode:FULL, rate:0, size:24
2026-06-03 11:53:25, EXEC, v:1, k:ed@rotacoes, mode:FULL, rate:0, size:24
2026-06-03 11:53:46, EXEC, v:1, k:ed@rotacoes, mode:FULL, rate:100, size:24
2026-06-03 11:53:48, MOVE, v:1, k:ed@rotacoes, mode:BACK
2026-06-03 11:54:28, SELF, v:1, k:ed@rotacoes, self:1, rate:100, study:35
