2026-03-28 17:06:19, MOVE, v:1, k:ed@apagando, mode:PICK
2026-03-28 17:07:55, EXEC, v:1, k:ed@apagando, mode:FULL, rate:0
2026-03-28 17:27:42, EXEC, v:1, k:ed@apagando, mode:FULL, rate:0, size:27
2026-03-28 17:31:36, EXEC, v:1, k:ed@apagando, mode:FULL, rate:0, size:33
2026-03-28 17:31:55, MOVE, v:1, k:ed@apagando, mode:BACK
2026-03-28 17:32:26, MOVE, v:1, k:ed@apagando, mode:PICK
2026-03-28 17:32:27, EXEC, v:1, k:ed@apagando, mode:FULL, rate:0
2026-03-28 17:36:17, EXEC, v:1, k:ed@apagando, mode:FULL, rate:0, size:32
2026-03-28 17:37:10, EXEC, v:1, k:ed@apagando, mode:FULL, rate:0, size:32
2026-03-28 17:37:34, EXEC, v:1, k:ed@apagando, mode:FULL, rate:0, size:31
2026-03-28 17:38:03, EXEC, v:1, k:ed@apagando, mode:FULL, rate:100, size:32
2026-03-28 17:38:28, MOVE, v:1, k:ed@apagando, mode:BACK
2026-03-28 17:40:00, SELF, v:1, k:ed@apagando, self:1, rate:100, study:75
2026-03-28 21:12:21, MOVE, v:1, k:ed@princesa, mode:PICK
2026-03-28 21:12:39, EXEC, v:1, k:ed@princesa, mode:FULL, rate:0, size:5
2026-03-28 21:16:30, MOVE, v:1, k:ed@princesa, mode:BACK
2026-03-28 21:17:20, MOVE, v:1, k:ed@princesa, mode:DOWN
2026-03-28 21:17:37, MOVE, v:1, k:ed@princesa, mode:PICK
2026-03-28 21:17:39, EXEC, v:1, k:ed@princesa, mode:FULL, rate:0, size:5
2026-03-28 21:35:39, EXEC, v:1, k:ed@princesa, mode:FULL, rate:0, size:19
2026-03-28 21:36:19, EXEC, v:1, k:ed@princesa, mode:FULL, rate:0, size:18
2026-03-28 21:38:37, EXEC, v:1, k:ed@princesa, mode:FULL, rate:0, size:18
2026-03-28 21:39:22, EXEC, v:1, k:ed@princesa, mode:FULL, rate:0, size:18
2026-03-28 21:39:23, EXEC, v:1, k:ed@princesa, mode:FULL, rate:0
2026-03-28 21:39:52, EXEC, v:1, k:ed@princesa, mode:FULL, size:12, fail:COMP
2026-03-28 21:40:14, EXEC, v:1, k:ed@princesa, mode:FULL, size:11, fail:COMP
2026-03-28 21:40:21, EXEC, v:1, k:ed@princesa, mode:FULL, size:11, fail:COMP
2026-03-28 21:41:34, EXEC, v:1, k:ed@princesa, mode:FULL, rate:0, size:11
2026-03-28 21:42:04, EXEC, v:1, k:ed@princesa, mode:FULL, rate:0, size:13
2026-03-28 21:42:15, EXEC, v:1, k:ed@princesa, mode:FULL, rate:0, size:13
2026-03-28 21:45:34, EXEC, v:1, k:ed@princesa, mode:FULL, rate:0, size:19
2026-03-28 21:49:12, EXEC, v:1, k:ed@princesa, mode:FULL, rate:0, size:20
2026-03-28 21:51:32, EXEC, v:1, k:ed@princesa, mode:FULL, rate:0, size:19
2026-03-28 21:52:31, EXEC, v:1, k:ed@princesa, mode:FULL, rate:0, size:15
2026-03-28 21:55:56, EXEC, v:1, k:ed@princesa, mode:FULL, rate:0, size:17
2026-03-28 21:56:44, EXEC, v:1, k:ed@princesa, mode:FULL, rate:0, size:17
2026-03-28 21:58:59, EXEC, v:1, k:ed@princesa, mode:FULL, rate:0, size:23
2026-03-28 22:06:29, MOVE, v:1, k:ed@princesa, mode:BACK
2026-03-28 22:10:07, MOVE, v:1, k:ed@princesa, mode:PICK
2026-03-28 22:10:09, MOVE, v:1, k:ed@princesa, mode:BACK
2026-03-28 22:10:14, MOVE, v:1, k:ed@princesa, mode:PICK
2026-03-28 22:13:43, MOVE, v:1, k:ed@princesa, mode:BACK
2026-03-28 22:14:14, MOVE, v:1, k:ed@princesa, mode:PICK
2026-03-28 22:15:30, EXEC, v:1, k:ed@princesa, mode:FULL, rate:0, size:20
2026-03-28 22:16:30, EXEC, v:1, k:ed@princesa, mode:FULL, rate:0, size:21
2026-03-28 22:24:10, EXEC, v:1, k:ed@princesa, mode:FULL, size:26, fail:COMP
2026-03-28 22:24:21, EXEC, v:1, k:ed@princesa, mode:FULL, rate:0, size:26
2026-03-28 22:25:30, EXEC, v:1, k:ed@princesa, mode:FULL, rate:0, size:28
2026-03-28 22:25:40, EXEC, v:1, k:ed@princesa, mode:FULL, rate:0, size:28
2026-03-28 22:25:47, EXEC, v:1, k:ed@princesa, mode:FULL, rate:0, size:28
2026-03-28 22:26:13, EXEC, v:1, k:ed@princesa, mode:FULL, rate:0, size:28
2026-03-28 22:26:21, EXEC, v:1, k:ed@princesa, mode:FULL, rate:0, size:28
2026-03-28 22:26:34, EXEC, v:1, k:ed@princesa, mode:FULL, rate:0, size:28
2026-03-28 22:26:46, EXEC, v:1, k:ed@princesa, mode:FULL, rate:0, size:28
2026-03-28 22:30:36, MOVE, v:1, k:ed@princesa, mode:BACK
