2026-03-22 00:21:50, MOVE, v:1, k:ed@baruel, mode:PICK
2026-03-22 00:21:53, EXEC, v:1, k:ed@baruel, mode:FULL, rate:0
2026-03-22 00:23:00, EXEC, v:1, k:ed@baruel, mode:FULL, rate:0, size:39
2026-03-22 00:28:38, EXEC, v:1, k:ed@baruel, mode:FULL, rate:0, size:43
2026-03-22 00:29:00, EXEC, v:1, k:ed@baruel, mode:FULL, rate:0, size:44
2026-03-22 00:30:42, MOVE, v:1, k:ed@baruel, mode:BACK
2026-03-22 00:31:29, MOVE, v:1, k:ed@baruel, mode:PICK
2026-03-22 00:31:31, EXEC, v:1, k:ed@baruel, mode:FULL, rate:0, size:46
2026-03-22 00:36:59, EXEC, v:1, k:ed@baruel, mode:FULL, size:53, fail:COMP
2026-03-22 00:37:07, EXEC, v:1, k:ed@baruel, mode:FULL, size:53, fail:COMP
2026-03-22 00:37:54, EXEC, v:1, k:ed@baruel, mode:FULL, rate:0, size:57
2026-03-22 00:38:23, EXEC, v:1, k:ed@baruel, mode:FULL, rate:0, size:57
2026-03-22 00:39:18, EXEC, v:1, k:ed@baruel, mode:FULL, rate:0, size:59
2026-03-22 00:40:03, EXEC, v:1, k:ed@baruel, mode:FULL, rate:25, size:59
2026-03-22 00:42:38, EXEC, v:1, k:ed@baruel, mode:FULL, rate:25, size:63
2026-03-22 00:43:09, EXEC, v:1, k:ed@baruel, mode:FULL, rate:50, size:64
2026-03-22 00:44:47, EXEC, v:1, k:ed@baruel, mode:FULL, rate:0, size:65
2026-03-22 00:45:31, MOVE, v:1, k:ed@baruel, mode:PICK
2026-03-22 00:45:34, EXEC, v:1, k:ed@baruel, mode:FULL, rate:0
2026-03-22 00:46:47, EXEC, v:1, k:ed@baruel, mode:FULL, rate:75, size:64
2026-03-22 00:53:26, EXEC, v:1, k:ed@baruel, mode:FULL, rate:100, size:64
2026-03-22 00:54:10, MOVE, v:1, k:ed@baruel, mode:BACK
2026-03-22 00:58:23, SELF, v:1, k:ed@baruel, self:1, rate:100, study:190, concept:1
