2026-03-21 02:10:39, MOVE, v:1, k:ed@baruel, mode:DOWN
2026-03-21 02:10:42, MOVE, v:1, k:ed@baruel, mode:PICK
2026-03-21 02:10:44, EXEC, v:1, k:ed@baruel, mode:FULL, rate:0, size:5
2026-03-21 02:18:14, EXEC, v:1, k:ed@baruel, mode:FULL, size:12, fail:COMP
2026-03-21 02:19:32, EXEC, v:1, k:ed@baruel, mode:FULL, rate:0, size:14
2026-03-21 02:20:41, EXEC, v:1, k:ed@baruel, mode:FULL, rate:0, size:18
2026-03-21 02:23:15, MOVE, v:1, k:ed@baruel, mode:BACK
2026-03-21 02:25:33, MOVE, v:1, k:ed@baruel, mode:PICK
2026-03-21 02:25:36, EXEC, v:1, k:ed@baruel, mode:FULL, rate:0
2026-03-21 02:29:38, EXEC, v:1, k:ed@baruel, mode:FULL, size:23, fail:COMP
2026-03-21 02:30:24, EXEC, v:1, k:ed@baruel, mode:FULL, rate:0, size:24
2026-03-21 02:30:39, EXEC, v:1, k:ed@baruel, mode:FULL, rate:0, size:24
2026-03-21 02:40:19, MOVE, v:1, k:ed@baruel, mode:BACK
2026-03-21 13:28:49, MOVE, v:1, k:ed@baruel, mode:PICK
2026-03-21 13:28:50, EXEC, v:1, k:ed@baruel, mode:FULL, size:26, fail:COMP
2026-03-21 13:28:53, MOVE, v:1, k:ed@baruel, mode:BACK
2026-03-21 13:30:18, MOVE, v:1, k:ed@baruel, mode:PICK
2026-03-21 13:30:19, EXEC, v:1, k:ed@baruel, mode:FULL, fail:COMP
2026-03-21 13:38:56, EXEC, v:1, k:ed@baruel, mode:FULL, size:24, fail:COMP
2026-03-21 13:38:58, MOVE, v:1, k:ed@baruel, mode:BACK
2026-03-21 20:03:17, MOVE, v:1, k:ed@baruel, mode:PICK
2026-03-21 20:03:18, EXEC, v:1, k:ed@baruel, mode:FULL, fail:COMP
2026-03-21 20:19:11, EXEC, v:1, k:ed@baruel, mode:FULL, rate:0, size:23
2026-03-21 20:20:06, EXEC, v:1, k:ed@baruel, mode:FULL, rate:0, size:20
2026-03-21 20:20:24, EXEC, v:1, k:ed@baruel, mode:FULL, rate:0, size:18
2026-03-21 20:22:59, MOVE, v:1, k:ed@baruel, mode:BACK
2026-03-21 20:24:31, MOVE, v:1, k:ed@baruel, mode:PICK
2026-03-21 20:24:33, EXEC, v:1, k:ed@baruel, mode:FULL, rate:0
2026-03-21 21:18:28, MOVE, v:1, k:ed@baruel, mode:PICK
2026-03-21 21:18:31, EXEC, v:1, k:ed@baruel, mode:FULL, rate:0, size:17
2026-03-21 21:35:48, EXEC, v:1, k:ed@baruel, mode:FULL, rate:0, size:21
2026-03-21 21:38:17, EXEC, v:1, k:ed@baruel, mode:FULL, rate:0, size:25
2026-03-21 21:40:23, MOVE, v:1, k:ed@baruel, mode:BACK
2026-03-21 21:41:26, MOVE, v:1, k:ed@baruel, mode:PICK
2026-03-21 21:41:30, EXEC, v:1, k:ed@baruel, mode:FULL, rate:0
2026-03-21 21:45:01, EXEC, v:1, k:ed@baruel, mode:FULL, rate:0, size:29
2026-03-21 21:47:06, EXEC, v:1, k:ed@baruel, mode:FULL, rate:0, size:30
2026-03-21 21:47:21, EXEC, v:1, k:ed@baruel, mode:FULL, rate:0, size:30
2026-03-21 21:48:10, EXEC, v:1, k:ed@baruel, mode:FULL, rate:0, size:30
2026-03-21 21:48:15, EXEC, v:1, k:ed@baruel, mode:FULL, rate:0, size:30
2026-03-21 21:48:44, EXEC, v:1, k:ed@baruel, mode:FULL, rate:0, size:30
2026-03-21 21:48:59, EXEC, v:1, k:ed@baruel, mode:FULL, size:30, fail:COMP
2026-03-21 21:49:04, EXEC, v:1, k:ed@baruel, mode:FULL, rate:0, size:30
2026-03-21 21:49:13, EXEC, v:1, k:ed@baruel, mode:FULL, rate:0, size:30
2026-03-21 21:49:20, EXEC, v:1, k:ed@baruel, mode:FULL, rate:0, size:30
2026-03-21 21:50:20, EXEC, v:1, k:ed@baruel, mode:FULL, rate:0, size:30
2026-03-21 21:50:30, EXEC, v:1, k:ed@baruel, mode:FULL, rate:0, size:30
2026-03-21 21:51:52, EXEC, v:1, k:ed@baruel, mode:FULL, rate:0, size:33
2026-03-21 21:52:46, EXEC, v:1, k:ed@baruel, mode:FULL, rate:0, size:37
2026-03-21 21:57:36, EXEC, v:1, k:ed@baruel, mode:FULL, rate:0, size:42
2026-03-21 21:58:07, EXEC, v:1, k:ed@baruel, mode:FULL, rate:0, size:42
2026-03-21 21:58:22, EXEC, v:1, k:ed@baruel, mode:FULL, rate:0, size:42
2026-03-21 21:59:37, EXEC, v:1, k:ed@baruel, mode:FULL, rate:0, size:37
2026-03-21 21:59:48, EXEC, v:1, k:ed@baruel, mode:FULL, rate:0, size:37
2026-03-21 22:00:09, EXEC, v:1, k:ed@baruel, mode:FULL, rate:0, size:38
2026-03-21 22:00:52, EXEC, v:1, k:ed@baruel, mode:FULL, rate:0
2026-03-21 22:00:59, EXEC, v:1, k:ed@baruel, mode:FULL, rate:0, size:38
2026-03-21 22:01:11, EXEC, v:1, k:ed@baruel, mode:FULL, rate:0, size:38
2026-03-21 22:05:46, EXEC, v:1, k:ed@baruel, mode:FULL, size:37, fail:COMP
2026-03-21 22:06:28, EXEC, v:1, k:ed@baruel, mode:FULL, rate:0, size:37
2026-03-21 22:06:58, EXEC, v:1, k:ed@baruel, mode:FULL, rate:0
2026-03-21 22:07:00, MOVE, v:1, k:ed@baruel, mode:BACK
