2026-06-25 10:28:45, MOVE, v:1, k:ed@editor, mode:PICK
2026-06-25 10:28:47, MOVE, v:1, k:ed@editor, mode:BACK
2026-06-25 10:34:18, MOVE, v:1, k:ed@editor, mode:PICK
2026-06-25 10:34:20, EXEC, v:1, k:ed@editor, mode:FULL, rate:0
2026-06-25 10:48:41, EXEC, v:1, k:ed@editor, mode:FULL, size:24, fail:COMP
2026-06-25 10:51:56, EXEC, v:1, k:ed@editor, mode:FULL, rate:0, size:25
2026-06-25 10:52:38, EXEC, v:1, k:ed@editor, mode:FULL, rate:0, size:28
2026-06-25 10:52:35, MOVE, v:1, k:ed@editor, mode:EDIT
2026-06-25 10:53:36, EXEC, v:1, k:ed@editor, mode:FULL, rate:0, size:28
2026-06-25 10:53:52, EXEC, v:1, k:ed@editor, mode:FULL, rate:0, size:27
2026-06-25 10:54:31, EXEC, v:1, k:ed@editor, mode:FULL, rate:16, size:28
2026-06-25 10:55:23, EXEC, v:1, k:ed@editor, mode:FULL, rate:0, size:28
2026-06-25 10:55:39, EXEC, v:1, k:ed@editor, mode:FULL, rate:16, size:28
2026-06-25 10:57:04, MOVE, v:1, k:ed@editor, mode:BACK
2026-06-25 10:57:10, MOVE, v:1, k:ed@editor, mode:PICK
2026-06-25 10:57:11, EXEC, v:1, k:ed@editor, mode:FULL, rate:16
2026-06-25 10:55:37, MOVE, v:1, k:ed@editor, mode:EDIT
2026-06-25 10:58:54, EXEC, v:1, k:ed@editor, mode:FULL, rate:16
2026-06-25 10:59:44, EXEC, v:1, k:ed@editor, mode:FULL, rate:33, size:30
2026-06-25 11:02:35, EXEC, v:1, k:ed@editor, mode:FULL, rate:33, size:33
2026-06-25 11:02:33, MOVE, v:1, k:ed@editor, mode:EDIT
2026-06-25 11:04:56, EXEC, v:1, k:ed@editor, mode:FULL, rate:33
2026-06-25 11:05:00, EXEC, v:1, k:ed@editor, mode:FULL, rate:33, size:34
2026-06-25 11:05:47, EXEC, v:1, k:ed@editor, mode:FULL, rate:33, size:34
2026-06-25 11:06:08, EXEC, v:1, k:ed@editor, mode:FULL, rate:33, size:34
2026-06-25 11:06:34, MOVE, v:1, k:ed@editor, mode:BACK
2026-06-25 11:07:03, MOVE, v:1, k:ed@editor, mode:PICK
2026-06-25 11:07:04, EXEC, v:1, k:ed@editor, mode:FULL, rate:33
2026-06-25 11:07:04, EXEC, v:1, k:ed@editor, mode:FULL, rate:33
2026-06-25 11:07:46, EXEC, v:1, k:ed@editor, mode:FULL, size:34, fail:COMP
2026-06-25 11:07:44, MOVE, v:1, k:ed@editor, mode:EDIT
2026-06-25 11:08:02, EXEC, v:1, k:ed@editor, mode:FULL, rate:33, size:34
2026-06-25 11:08:18, EXEC, v:1, k:ed@editor, mode:FULL, rate:33, size:34
2026-06-25 11:09:42, EXEC, v:1, k:ed@editor, mode:FULL, rate:0, size:34
2026-06-25 11:09:53, EXEC, v:1, k:ed@editor, mode:FULL, rate:50, size:34
2026-06-25 11:10:48, EXEC, v:1, k:ed@editor, mode:FULL, rate:50, size:36
2026-06-25 11:11:53, MOVE, v:1, k:ed@editor, mode:BACK
2026-06-25 11:10:45, MOVE, v:1, k:ed@editor, mode:EDIT
