2026-06-23 22:38:30, MOVE, v:1, k:ed@lista_d4, mode:PICK
2026-06-23 22:38:31, EXEC, v:1, k:ed@lista_d4, mode:FULL, fail:COMP
2026-06-23 22:44:29, EXEC, v:1, k:ed@lista_d4, mode:FULL, size:123, fail:COMP
2026-06-23 22:44:38, EXEC, v:1, k:ed@lista_d4, mode:FULL, rate:0, size:123
2026-06-23 22:45:07, MOVE, v:1, k:ed@lista_d4, mode:EDIT
2026-06-23 22:45:09, EXEC, v:1, k:ed@lista_d4, mode:FULL, rate:0, size:124
2026-06-23 22:53:27, EXEC, v:1, k:ed@lista_d4, mode:FULL, size:131, fail:COMP
2026-06-23 22:54:19, MOVE, v:1, k:ed@lista_d4, mode:BACK
2026-06-23 22:59:01, MOVE, v:1, k:ed@lista_d4, mode:PICK
2026-06-23 22:59:02, EXEC, v:1, k:ed@lista_d4, mode:FULL, fail:COMP
2026-06-23 23:01:19, EXEC, v:1, k:ed@lista_d4, mode:FULL, rate:0, size:135
2026-06-23 23:01:33, EXEC, v:1, k:ed@lista_d4, mode:FULL, rate:0, size:135
2026-06-23 23:01:42, EXEC, v:1, k:ed@lista_d4, mode:FULL, size:135, fail:COMP
2026-06-23 23:02:35, EXEC, v:1, k:ed@lista_d4, mode:FULL, rate:0, size:139
2026-06-23 23:02:49, EXEC, v:1, k:ed@lista_d4, mode:FULL, rate:0
2026-06-23 23:02:54, EXEC, v:1, k:ed@lista_d4, mode:FULL, size:139, fail:COMP
2026-06-23 23:02:53, MOVE, v:1, k:ed@lista_d4, mode:EDIT
2026-06-23 23:04:10, EXEC, v:1, k:ed@lista_d4, mode:FULL, rate:0, size:143
2026-06-23 23:06:47, EXEC, v:1, k:ed@lista_d4, mode:FULL, rate:66, size:148
2026-06-23 23:07:26, MOVE, v:1, k:ed@lista_d4, mode:BACK
2026-06-23 23:07:45, MOVE, v:1, k:ed@lista_d4, mode:PICK
2026-06-23 23:07:46, EXEC, v:1, k:ed@lista_d4, mode:FULL, rate:66
2026-06-23 23:08:20, EXEC, v:1, k:ed@lista_d4, mode:FULL, rate:100, size:148
2026-06-23 23:08:27, MOVE, v:1, k:ed@lista_d4, mode:BACK
2026-06-23 23:08:40, SELF, v:1, k:ed@lista_d4, self:1, rate:100, study:30
2026-06-23 23:08:51, SELF, v:1, k:ed@lista_d4, self:1, rate:100, study:33
2026-06-23 23:11:01, MOVE, v:1, k:ed@lista_d3, mode:DOWN
2026-06-23 23:11:02, MOVE, v:1, k:ed@lista_d3, mode:PICK
2026-06-23 23:11:03, EXEC, v:1, k:ed@lista_d3, mode:FULL, rate:0, size:109
2026-06-23 23:11:29, EXEC, v:1, k:ed@lista_d3, mode:FULL, rate:0
2026-06-23 23:13:59, EXEC, v:1, k:ed@lista_d3, mode:FULL, rate:0
2026-06-23 23:11:01, MOVE, v:1, k:ed@lista_d3, mode:EDIT
2026-06-23 23:11:01, MOVE, v:1, k:ed@lista_d3, mode:EDIT
2026-06-23 23:16:50, EXEC, v:1, k:ed@lista_d3, mode:FULL, rate:0
2026-06-23 23:20:12, EXEC, v:1, k:ed@lista_d3, mode:FULL, rate:0
2026-06-23 23:20:14, MOVE, v:1, k:ed@lista_d3, mode:BACK
2026-06-23 23:20:22, MOVE, v:1, k:ed@lista_d3, mode:PICK
2026-06-23 23:20:23, EXEC, v:1, k:ed@lista_d3, mode:FULL, rate:0
2026-06-23 23:20:30, EXEC, v:1, k:ed@lista_d3, mode:FULL, size:108, fail:COMP
2026-06-23 23:22:25, EXEC, v:1, k:ed@lista_d3, mode:FULL, size:112, fail:COMP
2026-06-23 23:22:40, EXEC, v:1, k:ed@lista_d3, mode:FULL, rate:0, size:112
2026-06-23 23:23:45, EXEC, v:1, k:ed@lista_d3, mode:FULL, rate:0, size:115
2026-06-23 23:24:14, EXEC, v:1, k:ed@lista_d3, mode:FULL, rate:0, size:115
2026-06-23 23:24:28, EXEC, v:1, k:ed@lista_d3, mode:FULL, rate:0, size:115
2026-06-23 23:24:27, MOVE, v:1, k:ed@lista_d3, mode:EDIT
2026-06-23 23:25:37, MOVE, v:1, k:ed@lista_d3, mode:BACK
2026-06-23 23:25:46, MOVE, v:1, k:ed@lista_d3, mode:PICK
2026-06-23 23:25:47, EXEC, v:1, k:ed@lista_d3, mode:FULL, rate:0
2026-06-23 23:26:25, EXEC, v:1, k:ed@lista_d3, mode:FULL, rate:0, size:115
2026-06-23 23:30:22, EXEC, v:1, k:ed@lista_d3, mode:FULL, rate:0, size:125
2026-06-23 23:30:11, MOVE, v:1, k:ed@lista_d3, mode:EDIT
2026-06-23 23:30:57, EXEC, v:1, k:ed@lista_d3, mode:FULL, rate:0, size:126
2026-06-23 23:31:41, EXEC, v:1, k:ed@lista_d3, mode:FULL, rate:0, size:127
2026-06-23 23:32:56, EXEC, v:1, k:ed@lista_d3, mode:FULL, rate:0, size:126
2026-06-23 23:33:24, EXEC, v:1, k:ed@lista_d3, mode:FULL, rate:0, size:131
2026-06-23 23:33:37, MOVE, v:1, k:ed@lista_d3, mode:PICK
2026-06-23 23:33:38, EXEC, v:1, k:ed@lista_d3, mode:FULL, rate:0
2026-06-23 23:33:44, EXEC, v:1, k:ed@lista_d3, mode:FULL, rate:0, size:126
2026-06-23 23:35:34, EXEC, v:1, k:ed@lista_d3, mode:FULL, rate:25, size:128
2026-06-23 23:35:35, EXEC, v:1, k:ed@lista_d3, mode:FULL, rate:25
2026-06-23 23:36:16, EXEC, v:1, k:ed@lista_d3, mode:FULL, size:128, fail:COMP
2026-06-23 23:37:40, EXEC, v:1, k:ed@lista_d3, mode:FULL, rate:25, size:133
2026-06-23 23:37:39, MOVE, v:1, k:ed@lista_d3, mode:EDIT
2026-06-23 23:39:01, EXEC, v:1, k:ed@lista_d3, mode:FREE
2026-06-23 23:41:23, MOVE, v:1, k:ed@lista_d3, mode:PICK
2026-06-23 23:41:24, EXEC, v:1, k:ed@lista_d3, mode:FULL, rate:25
2026-06-23 23:43:18, EXEC, v:1, k:ed@lista_d3, mode:FULL, rate:25, size:137
2026-06-23 23:43:35, EXEC, v:1, k:ed@lista_d3, mode:FULL, rate:25
2026-06-23 23:44:08, EXEC, v:1, k:ed@lista_d3, mode:FULL, rate:25, size:137
2026-06-23 23:46:04, EXEC, v:1, k:ed@lista_d3, mode:FULL, rate:25
2026-06-23 23:44:06, MOVE, v:1, k:ed@lista_d3, mode:EDIT
2026-06-23 23:47:36, MOVE, v:1, k:ed@lista_d3, mode:BACK
