2026-03-16 17:43:35, MOVE, v:1, k:ed@pedra, mode:DOWN
2026-03-16 17:43:40, MOVE, v:1, k:ed@pedra, mode:PICK
2026-03-16 17:44:31, MOVE, v:1, k:ed@pedra, mode:BACK
2026-03-16 17:45:07, MOVE, v:1, k:ed@pedra, mode:PICK
2026-03-16 17:54:16, EXEC, v:1, k:ed@pedra, mode:FULL, rate:0, size:13
2026-03-16 17:59:13, MOVE, v:1, k:ed@pedra, mode:BACK
2026-03-16 18:49:37, MOVE, v:1, k:ed@pedra, mode:PICK
2026-03-16 19:04:36, EXEC, v:1, k:ed@pedra, mode:FULL, rate:0, size:15
2026-03-16 19:14:02, EXEC, v:1, k:ed@pedra, mode:FULL, size:17, fail:COMP
2026-03-16 19:20:27, EXEC, v:1, k:ed@pedra, mode:FULL, size:17, fail:COMP
2026-03-16 19:33:28, EXEC, v:1, k:ed@pedra, mode:FULL, rate:0, size:19
2026-03-16 19:34:47, EXEC, v:1, k:ed@pedra, mode:FULL, rate:0, size:19
2026-03-16 19:39:48, EXEC, v:1, k:ed@pedra, mode:FULL, rate:0, size:20
2026-03-16 19:43:05, EXEC, v:1, k:ed@pedra, mode:FULL, rate:0, size:19
2026-03-16 19:43:31, EXEC, v:1, k:ed@pedra, mode:FULL, rate:0, size:17
2026-03-16 19:53:16, MOVE, v:1, k:ed@pedra, mode:BACK
2026-03-16 21:26:15, MOVE, v:1, k:ed@pedra, mode:PICK
2026-03-16 21:28:57, MOVE, v:1, k:ed@pedra, mode:BACK
2026-03-16 21:39:55, MOVE, v:1, k:ed@pedra, mode:PICK
2026-03-16 21:39:56, EXEC, v:1, k:ed@pedra, mode:FULL, size:28, fail:COMP
2026-03-16 21:44:02, EXEC, v:1, k:ed@pedra, mode:FULL, size:29, fail:COMP
2026-03-16 21:44:03, EXEC, v:1, k:ed@pedra, mode:FULL, fail:COMP
2026-03-16 21:44:04, EXEC, v:1, k:ed@pedra, mode:FULL, fail:COMP
2026-03-16 21:44:04, EXEC, v:1, k:ed@pedra, mode:FULL, fail:COMP
2026-03-16 21:47:32, EXEC, v:1, k:ed@pedra, mode:FULL, size:36, fail:COMP
2026-03-16 21:47:33, EXEC, v:1, k:ed@pedra, mode:FULL, fail:COMP
2026-03-16 21:47:42, EXEC, v:1, k:ed@pedra, mode:FULL, fail:COMP
2026-03-16 21:47:43, EXEC, v:1, k:ed@pedra, mode:FULL, fail:COMP
2026-03-16 21:47:43, EXEC, v:1, k:ed@pedra, mode:FULL, fail:COMP
2026-03-16 21:52:08, EXEC, v:1, k:ed@pedra, mode:FULL, rate:0, size:41
2026-03-16 21:52:38, EXEC, v:1, k:ed@pedra, mode:FULL, rate:25, size:41
2026-03-16 21:53:33, EXEC, v:1, k:ed@pedra, mode:FULL, rate:100, size:43
2026-03-16 21:53:48, MOVE, v:1, k:ed@pedra, mode:BACK
2026-03-16 21:57:06, SELF, v:1, k:ed@pedra, self:1, rate:100, study:150
2026-03-16 21:57:16, MOVE, v:1, k:ed@casais, mode:DOWN
2026-03-16 21:59:35, MOVE, v:1, k:ed@casais, mode:PICK
2026-03-16 22:05:09, MOVE, v:1, k:ed@casais, mode:BACK
2026-03-16 22:05:30, MOVE, v:1, k:ed@casais, mode:PICK
2026-03-16 22:05:32, EXEC, v:1, k:ed@casais, mode:FULL, rate:0, size:12
2026-03-16 22:05:36, MOVE, v:1, k:ed@casais, mode:BACK
2026-03-16 22:06:28, MOVE, v:1, k:ed@casais, mode:PICK
2026-03-16 22:06:29, EXEC, v:1, k:ed@casais, mode:FULL, rate:0, size:12
2026-03-16 22:07:23, EXEC, v:1, k:ed@casais, mode:FULL, size:17, fail:COMP
2026-03-16 22:07:37, EXEC, v:1, k:ed@casais, mode:FULL, rate:0, size:16
2026-03-16 22:07:43, EXEC, v:1, k:ed@casais, mode:FULL, rate:0, size:16
2026-03-16 22:07:47, MOVE, v:1, k:ed@casais, mode:BACK
