2026-04-07 17:42:23, MOVE, v:1, k:ed@resto, mode:PICK
2026-04-07 17:48:10, EXEC, v:1, k:ed@resto, mode:FULL, rate:0, size:16
2026-04-07 17:48:44, EXEC, v:1, k:ed@resto, mode:FULL, size:18, fail:COMP
2026-04-07 17:48:53, EXEC, v:1, k:ed@resto, mode:FULL, size:18, fail:COMP
2026-04-07 17:49:02, EXEC, v:1, k:ed@resto, mode:FULL, rate:0, size:18
2026-04-07 17:48:59, MOVE, v:1, k:ed@resto, mode:EDIT
2026-04-07 17:49:00, MOVE, v:1, k:ed@resto, mode:EDIT
2026-04-07 17:54:40, MOVE, v:1, k:ed@resto, mode:EDIT
2026-04-07 17:56:49, MOVE, v:1, k:ed@resto, mode:BACK
2026-04-07 17:57:02, MOVE, v:1, k:ed@resto, mode:PICK
2026-04-07 17:58:42, MOVE, v:1, k:ed@resto, mode:EDIT
2026-04-07 18:04:49, MOVE, v:1, k:ed@resto, mode:EDIT
2026-04-07 18:05:54, EXEC, v:1, k:ed@resto, mode:FULL, rate:100, size:24
2026-04-07 18:06:34, EXEC, v:1, k:ed@resto, mode:FULL, rate:0, size:24
2026-04-07 18:07:13, EXEC, v:1, k:ed@resto, mode:FULL, rate:100, size:24
2026-04-07 18:07:16, MOVE, v:1, k:ed@resto, mode:BACK
2026-04-07 18:08:18, SELF, v:1, k:ed@eh_primo, self:1, rate:100, study:25
2026-04-07 18:07:13, MOVE, v:1, k:ed@resto, mode:EDIT
2026-04-07 18:07:13, MOVE, v:1, k:ed@resto, mode:EDIT
2026-04-07 18:10:07, MOVE, v:1, k:ed@eh_primo, mode:PICK
2026-04-07 18:10:16, MOVE, v:1, k:ed@eh_primo, mode:BACK
2026-04-07 18:10:59, MOVE, v:1, k:ed@resto, mode:PICK
2026-04-07 18:11:02, EXEC, v:1, k:ed@resto, mode:FULL, rate:100
2026-04-07 18:11:05, MOVE, v:1, k:ed@resto, mode:BACK
2026-04-07 18:11:38, SELF, v:1, k:ed@resto, self:1, rate:100, study:40, concept:1
