2026-06-08 14:34:28, SELF, v:1, k:ed@editorint, self:1, rate:100, study:300, concept:1
2026-06-08 14:36:41, MOVE, v:1, k:ed@lista_d1, mode:DOWN
2026-06-08 14:36:43, MOVE, v:1, k:ed@lista_d1, mode:PICK
2026-06-08 14:36:45, EXEC, v:1, k:ed@lista_d1, mode:FULL, rate:0, size:57
2026-06-08 14:36:41, MOVE, v:1, k:ed@lista_d1, mode:EDIT
2026-06-08 14:36:41, MOVE, v:1, k:ed@lista_d1, mode:EDIT
2026-06-08 14:36:41, MOVE, v:1, k:ed@lista_d1, mode:EDIT
2026-06-08 14:36:41, MOVE, v:1, k:ed@lista_d1, mode:EDIT
2026-06-08 14:42:55, MOVE, v:1, k:ed@lista_d1, mode:BACK
2026-06-08 14:46:06, MOVE, v:1, k:ed@lista_d1, mode:PICK
2026-06-08 14:46:08, EXEC, v:1, k:ed@lista_d1, mode:FULL, rate:0
2026-06-08 14:59:15, MOVE, v:1, k:ed@lista_d1, mode:BACK
2026-06-08 15:46:53, SELF, v:1, k:ed@editorint, self:1, rate:100, study:300, concept:1
2026-06-08 15:46:53, MOVE, v:1, k:ed@editorint, mode:PICK
2026-06-08 15:46:54, MOVE, v:1, k:ed@editorint, mode:BACK
2026-06-08 15:47:02, SELF, v:1, k:ed@editorint, self:1, rate:100, study:300, concept:1
2026-06-08 15:47:08, MOVE, v:1, k:ed@lista_d1, mode:PICK
2026-06-08 15:47:09, EXEC, v:1, k:ed@lista_d1, mode:FULL, rate:0
2026-06-08 15:58:33, EXEC, v:1, k:ed@lista_d1, mode:FULL, size:84, fail:COMP
2026-06-08 16:00:45, EXEC, v:1, k:ed@lista_d1, mode:FULL, rate:14, size:84
2026-06-08 16:00:41, MOVE, v:1, k:ed@lista_d1, mode:EDIT
2026-06-08 16:11:10, EXEC, v:1, k:ed@lista_d1, mode:FULL, rate:14, size:88
2026-06-08 16:11:08, MOVE, v:1, k:ed@lista_d1, mode:EDIT
2026-06-08 16:14:47, EXEC, v:1, k:ed@lista_d1, mode:FULL, rate:14, size:99
2026-06-08 16:14:45, MOVE, v:1, k:ed@lista_d1, mode:EDIT
2026-06-08 16:18:27, EXEC, v:1, k:ed@lista_d1, mode:FULL, rate:14
2026-06-08 16:25:31, EXEC, v:1, k:ed@lista_d1, mode:FULL, rate:14, size:106
2026-06-08 16:26:12, EXEC, v:1, k:ed@lista_d1, mode:FULL, rate:14, size:107
2026-06-08 16:26:32, EXEC, v:1, k:ed@lista_d1, mode:FULL, rate:14, size:107
2026-06-08 16:26:31, MOVE, v:1, k:ed@lista_d1, mode:EDIT
2026-06-08 16:27:25, EXEC, v:1, k:ed@lista_d1, mode:FULL, rate:14, size:108
2026-06-08 16:28:12, EXEC, v:1, k:ed@lista_d1, mode:FULL, rate:14, size:109
2026-06-08 16:28:44, EXEC, v:1, k:ed@lista_d1, mode:FULL, rate:14, size:113
2026-06-08 16:29:33, EXEC, v:1, k:ed@lista_d1, mode:FULL, rate:14, size:114
2026-06-08 16:29:30, MOVE, v:1, k:ed@lista_d1, mode:EDIT
2026-06-08 16:38:28, EXEC, v:1, k:ed@lista_d1, mode:FULL, rate:14, size:112
2026-06-08 16:38:46, EXEC, v:1, k:ed@lista_d1, mode:FULL, rate:14, size:114
2026-06-08 16:39:11, EXEC, v:1, k:ed@lista_d1, mode:FULL, rate:14, size:114
2026-06-08 16:39:08, MOVE, v:1, k:ed@lista_d1, mode:EDIT
2026-06-08 16:45:06, EXEC, v:1, k:ed@lista_d1, mode:FULL, rate:42, size:117
2026-06-08 16:45:04, MOVE, v:1, k:ed@lista_d1, mode:EDIT
2026-06-08 16:48:08, EXEC, v:1, k:ed@lista_d1, mode:FULL, rate:42, size:121
2026-06-08 16:50:18, EXEC, v:1, k:ed@lista_d1, mode:FULL, rate:57, size:122
2026-06-08 16:51:25, MOVE, v:1, k:ed@lista_d1, mode:BACK
2026-06-08 18:11:23, MOVE, v:1, k:ed@lista_d1, mode:PICK
2026-06-08 18:11:27, EXEC, v:1, k:ed@lista_d1, mode:FULL, rate:57
2026-06-08 18:17:45, EXEC, v:1, k:ed@lista_d1, mode:FULL, rate:57, size:135
2026-06-08 18:18:15, EXEC, v:1, k:ed@lista_d1, mode:FULL, rate:57, size:135
2026-06-08 18:18:42, EXEC, v:1, k:ed@lista_d1, mode:FULL, rate:57, size:135
2026-06-08 18:19:01, EXEC, v:1, k:ed@lista_d1, mode:FULL, rate:57, size:135
2026-06-08 18:19:29, EXEC, v:1, k:ed@lista_d1, mode:FULL, rate:57, size:132
2026-06-08 18:19:27, MOVE, v:1, k:ed@lista_d1, mode:EDIT
2026-06-08 18:21:52, EXEC, v:1, k:ed@lista_d1, mode:FULL, rate:57
2026-06-08 18:21:54, MOVE, v:1, k:ed@lista_d1, mode:BACK
2026-06-08 18:22:24, MOVE, v:1, k:ed@lista_d1, mode:PICK
2026-06-08 18:22:26, EXEC, v:1, k:ed@lista_d1, mode:FULL, rate:57
2026-06-08 18:23:48, EXEC, v:1, k:ed@lista_d1, mode:FULL, rate:57, size:133
2026-06-08 18:23:46, MOVE, v:1, k:ed@lista_d1, mode:EDIT
2026-06-08 18:25:26, EXEC, v:1, k:ed@lista_d1, mode:FULL, rate:57
2026-06-08 18:27:03, EXEC, v:1, k:ed@lista_d1, mode:FULL, rate:57, size:134
2026-06-08 18:27:31, EXEC, v:1, k:ed@lista_d1, mode:FULL, rate:57, size:133
2026-06-08 18:28:13, EXEC, v:1, k:ed@lista_d1, mode:FULL, rate:57, size:134
2026-06-08 18:28:30, EXEC, v:1, k:ed@lista_d1, mode:FULL, rate:57, size:133
2026-06-08 18:28:28, MOVE, v:1, k:ed@lista_d1, mode:EDIT
2026-06-08 18:30:32, EXEC, v:1, k:ed@lista_d1, mode:FULL, rate:71, size:134
2026-06-08 18:30:30, MOVE, v:1, k:ed@lista_d1, mode:EDIT
2026-06-08 18:38:40, MOVE, v:1, k:ed@lista_d1, mode:BACK
2026-06-08 18:41:34, MOVE, v:1, k:ed@lista_d1, mode:PICK
2026-06-08 18:41:36, EXEC, v:1, k:ed@lista_d1, mode:FULL, rate:71
2026-06-08 18:43:27, EXEC, v:1, k:ed@lista_d1, mode:FULL, rate:71, size:141
2026-06-08 18:43:25, MOVE, v:1, k:ed@lista_d1, mode:EDIT
2026-06-08 18:44:13, EXEC, v:1, k:ed@lista_d1, mode:FULL, rate:71, size:143
2026-06-08 18:45:59, EXEC, v:1, k:ed@lista_d1, mode:FULL, rate:71, size:144
2026-06-08 18:47:03, EXEC, v:1, k:ed@lista_d1, mode:FULL, rate:85, size:144
2026-06-08 18:47:02, MOVE, v:1, k:ed@lista_d1, mode:EDIT
2026-06-08 18:50:53, EXEC, v:1, k:ed@lista_d1, mode:FULL, rate:85, size:148
2026-06-08 18:53:40, MOVE, v:1, k:ed@lista_d1, mode:BACK
2026-06-08 18:53:52, MOVE, v:1, k:ed@lista_d1, mode:PICK
2026-06-08 18:50:50, MOVE, v:1, k:ed@lista_d1, mode:EDIT
2026-06-08 18:53:53, EXEC, v:1, k:ed@lista_d1, mode:FULL, rate:85
2026-06-08 18:55:03, EXEC, v:1, k:ed@lista_d1, mode:FULL, rate:85, size:153
2026-06-08 18:56:19, EXEC, v:1, k:ed@lista_d1, mode:FULL, rate:85, size:154
2026-06-08 18:57:31, EXEC, v:1, k:ed@lista_d1, mode:FULL, rate:85, size:154
2026-06-08 18:57:42, EXEC, v:1, k:ed@lista_d1, mode:FULL, rate:85
2026-06-08 18:57:48, EXEC, v:1, k:ed@lista_d1, mode:FULL, rate:85, size:154
2026-06-08 18:58:11, EXEC, v:1, k:ed@lista_d1, mode:FULL, rate:85, size:154
2026-06-08 18:58:26, EXEC, v:1, k:ed@lista_d1, mode:FULL, rate:85, size:154
2026-06-08 18:58:24, MOVE, v:1, k:ed@lista_d1, mode:EDIT
2026-06-08 18:59:29, EXEC, v:1, k:ed@lista_d1, mode:FULL, rate:85, size:155
2026-06-08 19:00:19, EXEC, v:1, k:ed@lista_d1, mode:FULL, rate:85, size:154
2026-06-08 19:00:39, EXEC, v:1, k:ed@lista_d1, mode:FULL, rate:85, size:154
2026-06-08 19:00:46, EXEC, v:1, k:ed@lista_d1, mode:FULL, rate:85, size:154
2026-06-08 19:00:55, EXEC, v:1, k:ed@lista_d1, mode:FULL, rate:85, size:154
2026-06-08 19:01:48, EXEC, v:1, k:ed@lista_d1, mode:FULL, rate:85, size:155
2026-06-08 19:03:24, MOVE, v:1, k:ed@lista_d1, mode:PICK
2026-06-08 19:03:26, EXEC, v:1, k:ed@lista_d1, mode:FULL, rate:85
2026-06-08 19:03:27, EXEC, v:1, k:ed@lista_d1, mode:FULL, rate:85
2026-06-08 19:03:40, EXEC, v:1, k:ed@lista_d1, mode:FULL, rate:85, size:154
2026-06-08 19:04:33, EXEC, v:1, k:ed@lista_d1, mode:FULL, rate:100, size:154
2026-06-08 19:04:42, MOVE, v:1, k:ed@lista_d1, mode:BACK
2026-06-08 19:09:12, SELF, v:1, k:ed@lista_d1, self:1, rate:100, study:140, concept:1
2026-06-08 19:09:18, MOVE, v:1, k:ed@editorint, mode:PICK
2026-06-08 19:09:20, MOVE, v:1, k:ed@editorint, mode:BACK
2026-06-08 19:09:32, SELF, v:1, k:ed@editorint, self:1, rate:100, study:300, concept:1
